<?xml version="1.0" encoding="UTF-8"?>
<!-- Generated by org.testng.reporters.JUnitXMLReporter -->
<testsuite ignored="0" hostname="heena-Inspiron-5567" failures="1" tests="2" name="LoginTestcases" time="37.4" errors="0" timestamp="2021-05-29T10:18:13 IST">
  <testcase classname="QualityKiosksTraining.OrangeHRMTestCases.TestCases.ValidLoginCredentialsTestcase" name="TestLoginWithValidCrdentials" time="7.405"/>
  <testcase classname="QualityKiosksTraining.OrangeHRMTestCases.TestCases.InvalidLoginTestCases" name="TestLoginWithInValidCrdentials" time="0.0">
    <failure type="org.testng.TestNGException" message="
Data Provider public java.lang.Object[][] QualityKiosksTraining.OrangeHRMTestCases.TestCases.InvalidLoginTestCases.ProvideInvalidCredentialsFromExcel() returned a null value">
      <![CDATA[org.testng.TestNGException: 
Data Provider public java.lang.Object[][] QualityKiosksTraining.OrangeHRMTestCases.TestCases.InvalidLoginTestCases.ProvideInvalidCredentialsFromExcel() returned a null value
at java.base/java.util.ArrayList.forEach(ArrayList.java:1541)
... Removed 24 stack frames]]>
    </failure>
  </testcase> <!-- TestLoginWithInValidCrdentials -->
</testsuite> <!-- LoginTestcases -->
